<?xml version="1.0" encoding="UTF-8"?>
<!-- Generated by org.testng.reporters.JUnitReportReporter -->
<testsuite hostname="Kanamugire" failures="0" tests="1" name="test.KrogerHomeTest" time="7.536" errors="0" timestamp="07 Jul 2022 17:55:05 GMT" skipped="0">
  <testcase classname="test.KrogerHomeTest" name="homeTest" time="7.536"/>
</testsuite> <!-- test.KrogerHomeTest -->
